mode: set
github.com/observiq/stanza/operator/builtin/input/file/config.go:19.13,20.58 1 1
github.com/observiq/stanza/operator/builtin/input/file/config.go:20.58,20.87 1 0
github.com/observiq/stanza/operator/builtin/input/file/config.go:29.53,40.2 1 0
github.com/observiq/stanza/operator/builtin/input/file/config.go:66.88,68.16 2 0
github.com/observiq/stanza/operator/builtin/input/file/config.go:72.2,72.25 1 0
github.com/observiq/stanza/operator/builtin/input/file/config.go:77.2,77.36 1 0
github.com/observiq/stanza/operator/builtin/input/file/config.go:85.2,85.36 1 0
github.com/observiq/stanza/operator/builtin/input/file/config.go:92.2,92.23 1 0
github.com/observiq/stanza/operator/builtin/input/file/config.go:96.2,96.31 1 0
github.com/observiq/stanza/operator/builtin/input/file/config.go:100.2,101.16 2 0
github.com/observiq/stanza/operator/builtin/input/file/config.go:105.2,106.16 2 0
github.com/observiq/stanza/operator/builtin/input/file/config.go:110.2,111.19 2 0
github.com/observiq/stanza/operator/builtin/input/file/config.go:120.2,121.23 2 0
github.com/observiq/stanza/operator/builtin/input/file/config.go:125.2,126.23 2 0
github.com/observiq/stanza/operator/builtin/input/file/config.go:130.2,144.30 1 0
github.com/observiq/stanza/operator/builtin/input/file/config.go:151.2,151.37 1 0
github.com/observiq/stanza/operator/builtin/input/file/config.go:68.16,70.3 1 0
github.com/observiq/stanza/operator/builtin/input/file/config.go:72.25,74.3 1 0
github.com/observiq/stanza/operator/builtin/input/file/config.go:77.36,79.17 2 0
github.com/observiq/stanza/operator/builtin/input/file/config.go:79.17,81.4 1 0
github.com/observiq/stanza/operator/builtin/input/file/config.go:85.36,87.17 2 0
github.com/observiq/stanza/operator/builtin/input/file/config.go:87.17,89.4 1 0
github.com/observiq/stanza/operator/builtin/input/file/config.go:92.23,94.3 1 0
github.com/observiq/stanza/operator/builtin/input/file/config.go:96.31,98.3 1 0
github.com/observiq/stanza/operator/builtin/input/file/config.go:101.16,103.3 1 0
github.com/observiq/stanza/operator/builtin/input/file/config.go:106.16,108.3 1 0
github.com/observiq/stanza/operator/builtin/input/file/config.go:112.19,113.26 1 0
github.com/observiq/stanza/operator/builtin/input/file/config.go:114.13,115.27 1 0
github.com/observiq/stanza/operator/builtin/input/file/config.go:116.10,117.70 1 0
github.com/observiq/stanza/operator/builtin/input/file/config.go:121.23,123.3 1 0
github.com/observiq/stanza/operator/builtin/input/file/config.go:126.23,128.3 1 0
github.com/observiq/stanza/operator/builtin/input/file/config.go:144.31,144.32 0 0
github.com/observiq/stanza/operator/builtin/input/file/config.go:164.60,165.65 1 0
github.com/observiq/stanza/operator/builtin/input/file/config.go:168.2,169.16 2 0
github.com/observiq/stanza/operator/builtin/input/file/config.go:172.2,172.21 1 0
github.com/observiq/stanza/operator/builtin/input/file/config.go:175.2,175.22 1 0
github.com/observiq/stanza/operator/builtin/input/file/config.go:165.65,167.3 1 0
github.com/observiq/stanza/operator/builtin/input/file/config.go:169.16,171.3 1 0
github.com/observiq/stanza/operator/builtin/input/file/config.go:172.21,174.3 1 0
github.com/observiq/stanza/operator/builtin/input/file/config.go:179.88,180.24 1 0
github.com/observiq/stanza/operator/builtin/input/file/config.go:183.2,186.9 3 0
github.com/observiq/stanza/operator/builtin/input/file/config.go:180.24,182.3 1 0
github.com/observiq/stanza/operator/builtin/input/file/config.go:187.46,188.90 1 0
github.com/observiq/stanza/operator/builtin/input/file/config.go:189.46,190.86 1 0
github.com/observiq/stanza/operator/builtin/input/file/config.go:191.24,193.17 2 0
github.com/observiq/stanza/operator/builtin/input/file/config.go:196.3,196.38 1 0
github.com/observiq/stanza/operator/builtin/input/file/config.go:197.26,199.17 2 0
github.com/observiq/stanza/operator/builtin/input/file/config.go:202.3,202.40 1 0
github.com/observiq/stanza/operator/builtin/input/file/config.go:203.10,204.40 1 0
github.com/observiq/stanza/operator/builtin/input/file/config.go:193.17,195.4 1 0
github.com/observiq/stanza/operator/builtin/input/file/config.go:199.17,201.4 1 0
github.com/observiq/stanza/operator/builtin/input/file/file.go:52.39,58.46 4 0
github.com/observiq/stanza/operator/builtin/input/file/file.go:63.2,65.12 2 0
github.com/observiq/stanza/operator/builtin/input/file/file.go:58.46,60.3 1 0
github.com/observiq/stanza/operator/builtin/input/file/file.go:69.38,75.2 5 0
github.com/observiq/stanza/operator/builtin/input/file/file.go:79.58,81.12 2 0
github.com/observiq/stanza/operator/builtin/input/file/file.go:81.12,86.7 4 0
github.com/observiq/stanza/operator/builtin/input/file/file.go:86.7,87.11 1 0
github.com/observiq/stanza/operator/builtin/input/file/file.go:93.4,93.15 1 0
github.com/observiq/stanza/operator/builtin/input/file/file.go:88.22,89.11 1 0
github.com/observiq/stanza/operator/builtin/input/file/file.go:90.24,90.24 0 0
github.com/observiq/stanza/operator/builtin/input/file/file.go:99.51,102.49 2 0
github.com/observiq/stanza/operator/builtin/input/file/file.go:123.2,124.31 2 0
github.com/observiq/stanza/operator/builtin/input/file/file.go:141.2,145.33 4 0
github.com/observiq/stanza/operator/builtin/input/file/file.go:154.2,157.29 2 0
github.com/observiq/stanza/operator/builtin/input/file/file.go:161.2,162.23 2 0
github.com/observiq/stanza/operator/builtin/input/file/file.go:102.49,104.3 1 0
github.com/observiq/stanza/operator/builtin/input/file/file.go:104.8,104.37 1 0
github.com/observiq/stanza/operator/builtin/input/file/file.go:104.37,106.3 1 0
github.com/observiq/stanza/operator/builtin/input/file/file.go:106.8,109.42 1 0
github.com/observiq/stanza/operator/builtin/input/file/file.go:114.3,115.40 2 0
github.com/observiq/stanza/operator/builtin/input/file/file.go:109.42,111.4 1 0
github.com/observiq/stanza/operator/builtin/input/file/file.go:115.40,117.4 1 0
github.com/observiq/stanza/operator/builtin/input/file/file.go:117.9,117.49 1 0
github.com/observiq/stanza/operator/builtin/input/file/file.go:117.49,119.4 1 0
github.com/observiq/stanza/operator/builtin/input/file/file.go:124.31,125.38 1 0
github.com/observiq/stanza/operator/builtin/input/file/file.go:133.3,134.17 2 0
github.com/observiq/stanza/operator/builtin/input/file/file.go:138.3,138.30 1 0
github.com/observiq/stanza/operator/builtin/input/file/file.go:125.38,126.26 1 0
github.com/observiq/stanza/operator/builtin/input/file/file.go:131.4,131.34 1 0
github.com/observiq/stanza/operator/builtin/input/file/file.go:126.26,128.5 1 0
github.com/observiq/stanza/operator/builtin/input/file/file.go:128.10,130.5 1 0
github.com/observiq/stanza/operator/builtin/input/file/file.go:134.17,136.12 2 0
github.com/observiq/stanza/operator/builtin/input/file/file.go:145.33,147.22 2 0
github.com/observiq/stanza/operator/builtin/input/file/file.go:147.22,150.4 2 0
github.com/observiq/stanza/operator/builtin/input/file/file.go:157.29,159.3 1 0
github.com/observiq/stanza/operator/builtin/input/file/file.go:166.55,168.35 2 1
github.com/observiq/stanza/operator/builtin/input/file/file.go:188.2,188.12 1 1
github.com/observiq/stanza/operator/builtin/input/file/file.go:168.35,171.33 2 1
github.com/observiq/stanza/operator/builtin/input/file/file.go:171.33,172.37 1 1
github.com/observiq/stanza/operator/builtin/input/file/file.go:178.4,178.33 1 1
github.com/observiq/stanza/operator/builtin/input/file/file.go:184.4,184.28 1 1
github.com/observiq/stanza/operator/builtin/input/file/file.go:172.37,173.66 1 1
github.com/observiq/stanza/operator/builtin/input/file/file.go:173.66,174.22 1 1
github.com/observiq/stanza/operator/builtin/input/file/file.go:178.33,179.26 1 1
github.com/observiq/stanza/operator/builtin/input/file/file.go:179.26,180.22 1 0
github.com/observiq/stanza/operator/builtin/input/file/file.go:194.65,197.29 2 0
github.com/observiq/stanza/operator/builtin/input/file/file.go:207.2,212.28 3 0
github.com/observiq/stanza/operator/builtin/input/file/file.go:238.2,239.32 2 0
github.com/observiq/stanza/operator/builtin/input/file/file.go:248.2,248.16 1 0
github.com/observiq/stanza/operator/builtin/input/file/file.go:197.29,199.17 2 0
github.com/observiq/stanza/operator/builtin/input/file/file.go:203.3,203.24 1 0
github.com/observiq/stanza/operator/builtin/input/file/file.go:199.17,201.12 2 0
github.com/observiq/stanza/operator/builtin/input/file/file.go:212.28,214.30 2 0
github.com/observiq/stanza/operator/builtin/input/file/file.go:221.3,221.33 1 0
github.com/observiq/stanza/operator/builtin/input/file/file.go:235.3,235.6 1 0
github.com/observiq/stanza/operator/builtin/input/file/file.go:214.30,219.4 2 0
github.com/observiq/stanza/operator/builtin/input/file/file.go:221.33,222.14 1 0
github.com/observiq/stanza/operator/builtin/input/file/file.go:227.4,228.48 2 0
github.com/observiq/stanza/operator/builtin/input/file/file.go:222.14,224.13 1 0
github.com/observiq/stanza/operator/builtin/input/file/file.go:228.48,232.19 3 0
github.com/observiq/stanza/operator/builtin/input/file/file.go:239.32,241.17 2 0
github.com/observiq/stanza/operator/builtin/input/file/file.go:245.3,245.36 1 0
github.com/observiq/stanza/operator/builtin/input/file/file.go:241.17,243.12 2 0
github.com/observiq/stanza/operator/builtin/input/file/file.go:254.56,256.33 1 0
github.com/observiq/stanza/operator/builtin/input/file/file.go:263.2,263.41 1 0
github.com/observiq/stanza/operator/builtin/input/file/file.go:256.33,258.3 1 0
github.com/observiq/stanza/operator/builtin/input/file/file.go:263.41,265.29 2 0
github.com/observiq/stanza/operator/builtin/input/file/file.go:265.29,267.9 2 0
github.com/observiq/stanza/operator/builtin/input/file/file.go:272.101,274.53 1 0
github.com/observiq/stanza/operator/builtin/input/file/file.go:284.2,285.16 2 0
github.com/observiq/stanza/operator/builtin/input/file/file.go:288.2,289.69 2 0
github.com/observiq/stanza/operator/builtin/input/file/file.go:292.2,292.23 1 0
github.com/observiq/stanza/operator/builtin/input/file/file.go:274.53,276.17 2 0
github.com/observiq/stanza/operator/builtin/input/file/file.go:279.3,280.24 2 0
github.com/observiq/stanza/operator/builtin/input/file/file.go:276.17,278.4 1 0
github.com/observiq/stanza/operator/builtin/input/file/file.go:285.16,287.3 1 0
github.com/observiq/stanza/operator/builtin/input/file/file.go:289.69,291.3 1 0
github.com/observiq/stanza/operator/builtin/input/file/file.go:295.79,297.46 1 0
github.com/observiq/stanza/operator/builtin/input/file/file.go:303.2,303.19 1 0
github.com/observiq/stanza/operator/builtin/input/file/file.go:297.46,299.43 2 0
github.com/observiq/stanza/operator/builtin/input/file/file.go:299.43,301.4 1 0
github.com/observiq/stanza/operator/builtin/input/file/file.go:309.45,314.54 3 0
github.com/observiq/stanza/operator/builtin/input/file/file.go:320.2,320.42 1 0
github.com/observiq/stanza/operator/builtin/input/file/file.go:326.2,327.41 2 0
github.com/observiq/stanza/operator/builtin/input/file/file.go:314.54,317.3 2 0
github.com/observiq/stanza/operator/builtin/input/file/file.go:320.42,321.48 1 0
github.com/observiq/stanza/operator/builtin/input/file/file.go:321.48,323.4 1 0
github.com/observiq/stanza/operator/builtin/input/file/file.go:327.41,329.3 1 0
github.com/observiq/stanza/operator/builtin/input/file/file.go:333.51,335.16 2 0
github.com/observiq/stanza/operator/builtin/input/file/file.go:339.2,340.20 2 0
github.com/observiq/stanza/operator/builtin/input/file/file.go:345.2,349.52 3 0
github.com/observiq/stanza/operator/builtin/input/file/file.go:354.2,355.38 2 0
github.com/observiq/stanza/operator/builtin/input/file/file.go:366.2,366.12 1 0
github.com/observiq/stanza/operator/builtin/input/file/file.go:335.16,337.3 1 0
github.com/observiq/stanza/operator/builtin/input/file/file.go:340.20,343.3 2 0
github.com/observiq/stanza/operator/builtin/input/file/file.go:349.52,351.3 1 0
github.com/observiq/stanza/operator/builtin/input/file/file.go:355.38,357.17 2 0
github.com/observiq/stanza/operator/builtin/input/file/file.go:360.3,360.46 1 0
github.com/observiq/stanza/operator/builtin/input/file/file.go:363.3,363.49 1 0
github.com/observiq/stanza/operator/builtin/input/file/file.go:357.17,359.4 1 0
github.com/observiq/stanza/operator/builtin/input/file/file.go:360.46,362.4 1 0
github.com/observiq/stanza/operator/builtin/input/file/line_splitter.go:13.63,14.78 1 0
github.com/observiq/stanza/operator/builtin/input/file/line_splitter.go:14.78,16.22 2 0
github.com/observiq/stanza/operator/builtin/input/file/line_splitter.go:19.3,22.27 3 0
github.com/observiq/stanza/operator/builtin/input/file/line_splitter.go:29.3,29.33 1 0
github.com/observiq/stanza/operator/builtin/input/file/line_splitter.go:34.3,36.23 3 0
github.com/observiq/stanza/operator/builtin/input/file/line_splitter.go:39.3,44.9 5 0
github.com/observiq/stanza/operator/builtin/input/file/line_splitter.go:16.22,18.4 1 0
github.com/observiq/stanza/operator/builtin/input/file/line_splitter.go:22.27,27.4 3 0
github.com/observiq/stanza/operator/builtin/input/file/line_splitter.go:29.33,32.4 1 0
github.com/observiq/stanza/operator/builtin/input/file/line_splitter.go:36.23,38.4 1 0
github.com/observiq/stanza/operator/builtin/input/file/line_splitter.go:50.61,51.78 1 0
github.com/observiq/stanza/operator/builtin/input/file/line_splitter.go:51.78,53.17 2 0
github.com/observiq/stanza/operator/builtin/input/file/line_splitter.go:59.3,59.38 1 0
github.com/observiq/stanza/operator/builtin/input/file/line_splitter.go:63.3,66.9 4 0
github.com/observiq/stanza/operator/builtin/input/file/line_splitter.go:53.17,55.4 1 0
github.com/observiq/stanza/operator/builtin/input/file/line_splitter.go:59.38,61.4 1 0
github.com/observiq/stanza/operator/builtin/input/file/line_splitter.go:72.79,74.16 2 0
github.com/observiq/stanza/operator/builtin/input/file/line_splitter.go:78.2,79.16 2 0
github.com/observiq/stanza/operator/builtin/input/file/line_splitter.go:83.2,83.78 1 0
github.com/observiq/stanza/operator/builtin/input/file/line_splitter.go:74.16,76.3 1 0
github.com/observiq/stanza/operator/builtin/input/file/line_splitter.go:79.16,81.3 1 0
github.com/observiq/stanza/operator/builtin/input/file/line_splitter.go:83.78,84.30 1 0
github.com/observiq/stanza/operator/builtin/input/file/line_splitter.go:88.3,88.46 1 0
github.com/observiq/stanza/operator/builtin/input/file/line_splitter.go:94.3,94.21 1 0
github.com/observiq/stanza/operator/builtin/input/file/line_splitter.go:84.30,86.4 1 0
github.com/observiq/stanza/operator/builtin/input/file/line_splitter.go:88.46,91.4 1 0
github.com/observiq/stanza/operator/builtin/input/file/line_splitter.go:98.65,102.2 3 0
github.com/observiq/stanza/operator/builtin/input/file/line_splitter.go:104.72,108.2 3 0
github.com/observiq/stanza/operator/builtin/input/file/positional_scanner.go:15.121,24.83 4 0
github.com/observiq/stanza/operator/builtin/input/file/positional_scanner.go:29.2,30.11 2 0
github.com/observiq/stanza/operator/builtin/input/file/positional_scanner.go:24.83,28.3 3 0
github.com/observiq/stanza/operator/builtin/input/file/positional_scanner.go:34.42,36.2 1 0
github.com/observiq/stanza/operator/builtin/input/file/reader.go:37.96,48.2 2 0
github.com/observiq/stanza/operator/builtin/input/file/reader.go:51.55,53.16 2 0
github.com/observiq/stanza/operator/builtin/input/file/reader.go:56.2,57.20 2 0
github.com/observiq/stanza/operator/builtin/input/file/reader.go:53.16,55.3 1 0
github.com/observiq/stanza/operator/builtin/input/file/reader.go:61.64,62.23 1 0
github.com/observiq/stanza/operator/builtin/input/file/reader.go:70.2,70.12 1 0
github.com/observiq/stanza/operator/builtin/input/file/reader.go:62.23,64.17 2 0
github.com/observiq/stanza/operator/builtin/input/file/reader.go:67.3,67.25 1 0
github.com/observiq/stanza/operator/builtin/input/file/reader.go:64.17,66.4 1 0
github.com/observiq/stanza/operator/builtin/input/file/reader.go:74.49,77.52 2 0
github.com/observiq/stanza/operator/builtin/input/file/reader.go:82.2,86.6 3 0
github.com/observiq/stanza/operator/builtin/input/file/reader.go:77.52,80.3 2 0
github.com/observiq/stanza/operator/builtin/input/file/reader.go:86.6,87.10 1 0
github.com/observiq/stanza/operator/builtin/input/file/reader.go:93.3,94.10 2 0
github.com/observiq/stanza/operator/builtin/input/file/reader.go:101.3,101.54 1 0
github.com/observiq/stanza/operator/builtin/input/file/reader.go:104.3,104.27 1 0
github.com/observiq/stanza/operator/builtin/input/file/reader.go:88.21,89.10 1 0
github.com/observiq/stanza/operator/builtin/input/file/reader.go:90.11,90.11 0 0
github.com/observiq/stanza/operator/builtin/input/file/reader.go:94.10,95.51 1 0
github.com/observiq/stanza/operator/builtin/input/file/reader.go:98.4,98.9 1 0
github.com/observiq/stanza/operator/builtin/input/file/reader.go:95.51,97.5 1 0
github.com/observiq/stanza/operator/builtin/input/file/reader.go:101.54,103.4 1 0
github.com/observiq/stanza/operator/builtin/input/file/reader.go:110.65,112.22 1 0
github.com/observiq/stanza/operator/builtin/input/file/reader.go:116.2,117.16 2 0
github.com/observiq/stanza/operator/builtin/input/file/reader.go:121.2,122.16 2 0
github.com/observiq/stanza/operator/builtin/input/file/reader.go:126.2,126.65 1 0
github.com/observiq/stanza/operator/builtin/input/file/reader.go:129.2,129.80 1 0
github.com/observiq/stanza/operator/builtin/input/file/reader.go:132.2,133.12 2 0
github.com/observiq/stanza/operator/builtin/input/file/reader.go:112.22,114.3 1 0
github.com/observiq/stanza/operator/builtin/input/file/reader.go:117.16,119.3 1 0
github.com/observiq/stanza/operator/builtin/input/file/reader.go:122.16,124.3 1 0
github.com/observiq/stanza/operator/builtin/input/file/reader.go:126.65,128.3 1 0
github.com/observiq/stanza/operator/builtin/input/file/reader.go:129.80,131.3 1 0
github.com/observiq/stanza/operator/builtin/input/file/reader.go:137.56,138.6 1 0
github.com/observiq/stanza/operator/builtin/input/file/reader.go:138.6,141.49 3 0
github.com/observiq/stanza/operator/builtin/input/file/reader.go:147.3,147.44 1 0
github.com/observiq/stanza/operator/builtin/input/file/reader.go:141.49,143.12 2 0
github.com/observiq/stanza/operator/builtin/input/file/reader.go:144.9,144.24 1 0
github.com/observiq/stanza/operator/builtin/input/file/reader.go:144.24,146.4 1 0
github.com/observiq/stanza/operator/builtin/input/file/reader.go:151.56,153.29 2 0
github.com/observiq/stanza/operator/builtin/input/file/reader.go:158.2,158.12 1 0
github.com/observiq/stanza/operator/builtin/input/file/reader.go:153.29,155.3 1 0
github.com/observiq/stanza/operator/builtin/input/file/reader.go:155.8,155.23 1 0
github.com/observiq/stanza/operator/builtin/input/file/reader.go:155.23,157.3 1 0
github.com/observiq/stanza/operator/builtin/input/file/reader.go:162.105,168.2 1 0
github.com/observiq/stanza/operator/builtin/input/file/reader.go:179.67,180.54 1 0
github.com/observiq/stanza/operator/builtin/input/file/reader.go:183.2,187.15 5 0
github.com/observiq/stanza/operator/builtin/input/file/reader.go:180.54,182.3 1 0
github.com/observiq/stanza/operator/builtin/input/file/reader.go:196.42,202.2 3 0
github.com/observiq/stanza/operator/builtin/input/file/reader.go:205.58,208.33 3 0
github.com/observiq/stanza/operator/builtin/input/file/reader.go:211.2,213.8 1 0
github.com/observiq/stanza/operator/builtin/input/file/reader.go:208.33,210.3 1 0
github.com/observiq/stanza/operator/builtin/input/file/reader.go:218.56,220.13 2 0
github.com/observiq/stanza/operator/builtin/input/file/reader.go:223.2,224.13 2 0
github.com/observiq/stanza/operator/builtin/input/file/reader.go:227.2,227.60 1 0
github.com/observiq/stanza/operator/builtin/input/file/reader.go:220.13,222.3 1 0
github.com/observiq/stanza/operator/builtin/input/file/reader.go:224.13,226.3 1 0
github.com/observiq/stanza/operator/builtin/input/file/reader.go:230.25,231.20 1 0
github.com/observiq/stanza/operator/builtin/input/file/reader.go:234.2,234.11 1 0
github.com/observiq/stanza/operator/builtin/input/file/reader.go:237.2,237.10 1 0
github.com/observiq/stanza/operator/builtin/input/file/reader.go:231.20,233.3 1 0
github.com/observiq/stanza/operator/builtin/input/file/reader.go:234.11,236.3 1 0
